*PADS-PCB*
*PART*
       XT30PWM
C101   RAD-0.3
C102   RAD-0.3
C201   RAD-0.3
C202   RAD-0.3
C203   RAD-0.3
C204   RAD-0.3
C205   RAD-0.3
C206   RAD-0.3
C301   POLAR0.8
C302   RAD-0.3
C303   RAD-0.3
C304   RAD-0.3
C305   RAD-0.3
C306   RAD-0.3
C307   RAD-0.3
C308   RAD-0.3
C309   RAD-0.3
C310   RAD-0.3
C311   RAD-0.3
C312   RAD-0.3
C313   RAD-0.3
C314   POLAR0.8
C315   RAD-0.3
C316   POLAR0.8
C317   RAD-0.3
C318   RAD-0.3
C319   RAD-0.3
D?     SMB
FB301  FP-BLM18-0_15-t0_6-IPC_B
IC?    SOIC127P600X175-8N
L301   0402-A
Q201   INF-PG-TO263-3-2_N
Q202   INF-PG-TO263-3-2_N
Q203   INF-PG-TO263-3-2_N
Q204   INF-PG-TO263-3-2_N
Q205   INF-PG-TO263-3-2_N
Q206   INF-PG-TO263-3-2_N
R101   AXIAL-0.4
R201   AXIAL-0.4
R202   AXIAL-0.4
R203   AXIAL-0.4
R205   AXIAL-0.4
R206   AXIAL-0.4
R301   AXIAL-0.4
R302   AXIAL-0.4
R303   AXIAL-0.4
R304   AXIAL-0.4
R305   AXIAL-0.4
U1     FP-LQFP100-1L-MFG
U2     QFN_3SMRTAT_TEX
U?     DGK0008A_M
*END*
